Determining if the Q_WS_WIN exist failed with the following output:
Change Dir: /home/hung/dev/examples/Find-Object-0.4.1-Source/build/CMakeFiles/CMakeTmp

Run Build Command:/usr/bin/make "cmTryCompileExec3890248487/fast"
/usr/bin/make -f CMakeFiles/cmTryCompileExec3890248487.dir/build.make CMakeFiles/cmTryCompileExec3890248487.dir/build
make[1]: Entering directory `/home/hung/dev/examples/Find-Object-0.4.1-Source/build/CMakeFiles/CMakeTmp'
/usr/bin/cmake -E cmake_progress_report /home/hung/dev/examples/Find-Object-0.4.1-Source/build/CMakeFiles/CMakeTmp/CMakeFiles 1
Building CXX object CMakeFiles/cmTryCompileExec3890248487.dir/CheckSymbolExists.cxx.o
/usr/bin/c++    -I/usr/include/qt4    -o CMakeFiles/cmTryCompileExec3890248487.dir/CheckSymbolExists.cxx.o -c /home/hung/dev/examples/Find-Object-0.4.1-Source/build/CMakeFiles/CMakeTmp/CheckSymbolExists.cxx
/home/hung/dev/examples/Find-Object-0.4.1-Source/build/CMakeFiles/CMakeTmp/CheckSymbolExists.cxx: In function ‘int main(int, char**)’:
/home/hung/dev/examples/Find-Object-0.4.1-Source/build/CMakeFiles/CMakeTmp/CheckSymbolExists.cxx:8:19: error: ‘Q_WS_WIN’ was not declared in this scope
   return ((int*)(&Q_WS_WIN))[argc];
                   ^
make[1]: *** [CMakeFiles/cmTryCompileExec3890248487.dir/CheckSymbolExists.cxx.o] Error 1
make[1]: Leaving directory `/home/hung/dev/examples/Find-Object-0.4.1-Source/build/CMakeFiles/CMakeTmp'
make: *** [cmTryCompileExec3890248487/fast] Error 2

File /home/hung/dev/examples/Find-Object-0.4.1-Source/build/CMakeFiles/CMakeTmp/CheckSymbolExists.cxx:
/* */
#include <QtCore/qglobal.h>

int main(int argc, char** argv)
{
  (void)argv;
#ifndef Q_WS_WIN
  return ((int*)(&Q_WS_WIN))[argc];
#else
  (void)argc;
  return 0;
#endif
}

Determining if the Q_WS_QWS exist failed with the following output:
Change Dir: /home/hung/dev/examples/Find-Object-0.4.1-Source/build/CMakeFiles/CMakeTmp

Run Build Command:/usr/bin/make "cmTryCompileExec594200602/fast"
/usr/bin/make -f CMakeFiles/cmTryCompileExec594200602.dir/build.make CMakeFiles/cmTryCompileExec594200602.dir/build
make[1]: Entering directory `/home/hung/dev/examples/Find-Object-0.4.1-Source/build/CMakeFiles/CMakeTmp'
/usr/bin/cmake -E cmake_progress_report /home/hung/dev/examples/Find-Object-0.4.1-Source/build/CMakeFiles/CMakeTmp/CMakeFiles 1
Building CXX object CMakeFiles/cmTryCompileExec594200602.dir/CheckSymbolExists.cxx.o
/usr/bin/c++    -I/usr/include/qt4    -o CMakeFiles/cmTryCompileExec594200602.dir/CheckSymbolExists.cxx.o -c /home/hung/dev/examples/Find-Object-0.4.1-Source/build/CMakeFiles/CMakeTmp/CheckSymbolExists.cxx
/home/hung/dev/examples/Find-Object-0.4.1-Source/build/CMakeFiles/CMakeTmp/CheckSymbolExists.cxx: In function ‘int main(int, char**)’:
/home/hung/dev/examples/Find-Object-0.4.1-Source/build/CMakeFiles/CMakeTmp/CheckSymbolExists.cxx:8:19: error: ‘Q_WS_QWS’ was not declared in this scope
   return ((int*)(&Q_WS_QWS))[argc];
                   ^
make[1]: *** [CMakeFiles/cmTryCompileExec594200602.dir/CheckSymbolExists.cxx.o] Error 1
make[1]: Leaving directory `/home/hung/dev/examples/Find-Object-0.4.1-Source/build/CMakeFiles/CMakeTmp'
make: *** [cmTryCompileExec594200602/fast] Error 2

File /home/hung/dev/examples/Find-Object-0.4.1-Source/build/CMakeFiles/CMakeTmp/CheckSymbolExists.cxx:
/* */
#include <QtCore/qglobal.h>

int main(int argc, char** argv)
{
  (void)argv;
#ifndef Q_WS_QWS
  return ((int*)(&Q_WS_QWS))[argc];
#else
  (void)argc;
  return 0;
#endif
}

Determining if the Q_WS_MAC exist failed with the following output:
Change Dir: /home/hung/dev/examples/Find-Object-0.4.1-Source/build/CMakeFiles/CMakeTmp

Run Build Command:/usr/bin/make "cmTryCompileExec723284342/fast"
/usr/bin/make -f CMakeFiles/cmTryCompileExec723284342.dir/build.make CMakeFiles/cmTryCompileExec723284342.dir/build
make[1]: Entering directory `/home/hung/dev/examples/Find-Object-0.4.1-Source/build/CMakeFiles/CMakeTmp'
/usr/bin/cmake -E cmake_progress_report /home/hung/dev/examples/Find-Object-0.4.1-Source/build/CMakeFiles/CMakeTmp/CMakeFiles 1
Building CXX object CMakeFiles/cmTryCompileExec723284342.dir/CheckSymbolExists.cxx.o
/usr/bin/c++    -I/usr/include/qt4    -o CMakeFiles/cmTryCompileExec723284342.dir/CheckSymbolExists.cxx.o -c /home/hung/dev/examples/Find-Object-0.4.1-Source/build/CMakeFiles/CMakeTmp/CheckSymbolExists.cxx
/home/hung/dev/examples/Find-Object-0.4.1-Source/build/CMakeFiles/CMakeTmp/CheckSymbolExists.cxx: In function ‘int main(int, char**)’:
/home/hung/dev/examples/Find-Object-0.4.1-Source/build/CMakeFiles/CMakeTmp/CheckSymbolExists.cxx:8:19: error: ‘Q_WS_MAC’ was not declared in this scope
   return ((int*)(&Q_WS_MAC))[argc];
                   ^
make[1]: *** [CMakeFiles/cmTryCompileExec723284342.dir/CheckSymbolExists.cxx.o] Error 1
make[1]: Leaving directory `/home/hung/dev/examples/Find-Object-0.4.1-Source/build/CMakeFiles/CMakeTmp'
make: *** [cmTryCompileExec723284342/fast] Error 2

File /home/hung/dev/examples/Find-Object-0.4.1-Source/build/CMakeFiles/CMakeTmp/CheckSymbolExists.cxx:
/* */
#include <QtCore/qglobal.h>

int main(int argc, char** argv)
{
  (void)argv;
#ifndef Q_WS_MAC
  return ((int*)(&Q_WS_MAC))[argc];
#else
  (void)argc;
  return 0;
#endif
}

